C:\DOCUMENTS AND SETTINGS\OWNER\MY DOCUMENTS\VISUAL STUDIO 2010\PROJECTS\SUPER ANDRE\DEBUG\SUPER ANDRE.EXE
C:\DOCUMENTS AND SETTINGS\OWNER\MY DOCUMENTS\VISUAL STUDIO 2010\PROJECTS\SUPER ANDRE\DEBUG\SUPER ANDRE.ILK
C:\DOCUMENTS AND SETTINGS\OWNER\MY DOCUMENTS\VISUAL STUDIO 2010\PROJECTS\SUPER ANDRE\DEBUG\SUPER ANDRE.PDB
c:\documents and settings\Owner\my documents\visual studio 2010\Projects\Super Andre\Super Andre\Debug\cl.command.1.tlog
c:\documents and settings\Owner\my documents\visual studio 2010\Projects\Super Andre\Super Andre\Debug\CL.read.1.tlog
c:\documents and settings\Owner\my documents\visual studio 2010\Projects\Super Andre\Super Andre\Debug\CL.write.1.tlog
c:\documents and settings\Owner\my documents\visual studio 2010\Projects\Super Andre\Super Andre\Debug\link.4388.read.1.tlog
c:\documents and settings\Owner\my documents\visual studio 2010\Projects\Super Andre\Super Andre\Debug\link.4388.read.2.tlog
c:\documents and settings\Owner\my documents\visual studio 2010\Projects\Super Andre\Super Andre\Debug\link.4388.write.1.tlog
c:\documents and settings\Owner\my documents\visual studio 2010\Projects\Super Andre\Super Andre\Debug\link.4388-cvtres.read.1.tlog
c:\documents and settings\Owner\my documents\visual studio 2010\Projects\Super Andre\Super Andre\Debug\link.4388-cvtres.write.1.tlog
c:\documents and settings\Owner\my documents\visual studio 2010\Projects\Super Andre\Super Andre\Debug\link.4540.read.1.tlog
c:\documents and settings\Owner\my documents\visual studio 2010\Projects\Super Andre\Super Andre\Debug\link.4540.read.2.tlog
c:\documents and settings\Owner\my documents\visual studio 2010\Projects\Super Andre\Super Andre\Debug\link.4540.write.1.tlog
c:\documents and settings\Owner\my documents\visual studio 2010\Projects\Super Andre\Super Andre\Debug\link.4540-cvtres.read.1.tlog
c:\documents and settings\Owner\my documents\visual studio 2010\Projects\Super Andre\Super Andre\Debug\link.4540-cvtres.write.1.tlog
c:\documents and settings\Owner\my documents\visual studio 2010\Projects\Super Andre\Super Andre\Debug\link.4708.read.1.tlog
c:\documents and settings\Owner\my documents\visual studio 2010\Projects\Super Andre\Super Andre\Debug\link.4708.read.2.tlog
c:\documents and settings\Owner\my documents\visual studio 2010\Projects\Super Andre\Super Andre\Debug\link.4708.write.1.tlog
c:\documents and settings\Owner\my documents\visual studio 2010\Projects\Super Andre\Super Andre\Debug\link.4708-cvtres.read.1.tlog
c:\documents and settings\Owner\my documents\visual studio 2010\Projects\Super Andre\Super Andre\Debug\link.4708-cvtres.write.1.tlog
c:\documents and settings\Owner\my documents\visual studio 2010\Projects\Super Andre\Super Andre\Debug\link.4800.read.1.tlog
c:\documents and settings\Owner\my documents\visual studio 2010\Projects\Super Andre\Super Andre\Debug\link.4800.read.2.tlog
c:\documents and settings\Owner\my documents\visual studio 2010\Projects\Super Andre\Super Andre\Debug\link.4800.write.1.tlog
c:\documents and settings\Owner\my documents\visual studio 2010\Projects\Super Andre\Super Andre\Debug\link.4800-cvtres.read.1.tlog
c:\documents and settings\Owner\my documents\visual studio 2010\Projects\Super Andre\Super Andre\Debug\link.4800-cvtres.write.1.tlog
c:\documents and settings\Owner\my documents\visual studio 2010\Projects\Super Andre\Super Andre\Debug\link.command.1.tlog
c:\documents and settings\Owner\my documents\visual studio 2010\Projects\Super Andre\Super Andre\Debug\link.read.1.tlog
c:\documents and settings\Owner\my documents\visual studio 2010\Projects\Super Andre\Super Andre\Debug\link.read.2.tlog
c:\documents and settings\Owner\my documents\visual studio 2010\Projects\Super Andre\Super Andre\Debug\link.write.1.tlog
c:\documents and settings\Owner\my documents\visual studio 2010\Projects\Super Andre\Super Andre\Debug\link-cvtres.read.1.tlog
c:\documents and settings\Owner\my documents\visual studio 2010\Projects\Super Andre\Super Andre\Debug\link-cvtres.write.1.tlog
c:\documents and settings\Owner\my documents\visual studio 2010\Projects\Super Andre\Super Andre\Debug\mt.command.1.tlog
c:\documents and settings\Owner\my documents\visual studio 2010\Projects\Super Andre\Super Andre\Debug\mt.read.1.tlog
c:\documents and settings\Owner\my documents\visual studio 2010\Projects\Super Andre\Super Andre\Debug\mt.write.1.tlog
c:\documents and settings\Owner\my documents\visual studio 2010\Projects\Super Andre\Super Andre\Debug\rc.command.1.tlog
c:\documents and settings\Owner\my documents\visual studio 2010\Projects\Super Andre\Super Andre\Debug\rc.read.1.tlog
c:\documents and settings\Owner\my documents\visual studio 2010\Projects\Super Andre\Super Andre\Debug\rc.write.1.tlog
C:\DOCUMENTS AND SETTINGS\OWNER\MY DOCUMENTS\VISUAL STUDIO 2010\PROJECTS\SUPER ANDRE\SUPER ANDRE\DEBUG\SUPER ANDRE.EXE.EMBED.MANIFEST
C:\DOCUMENTS AND SETTINGS\OWNER\MY DOCUMENTS\VISUAL STUDIO 2010\PROJECTS\SUPER ANDRE\SUPER ANDRE\DEBUG\SUPER ANDRE.EXE.EMBED.MANIFEST.RES
C:\DOCUMENTS AND SETTINGS\OWNER\MY DOCUMENTS\VISUAL STUDIO 2010\PROJECTS\SUPER ANDRE\SUPER ANDRE\DEBUG\SUPER ANDRE.EXE.INTERMEDIATE.MANIFEST
c:\documents and settings\Owner\my documents\visual studio 2010\Projects\Super Andre\Super Andre\Debug\Super Andre_manifest.rc
c:\documents and settings\Owner\my documents\visual studio 2010\Projects\Super Andre\Super Andre\Debug\vc100.idb
C:\DOCUMENTS AND SETTINGS\OWNER\MY DOCUMENTS\VISUAL STUDIO 2010\PROJECTS\SUPER ANDRE\SUPER ANDRE\DEBUG\VC100.PDB
